Scripts/App/src/app/build/intermediates/manifest_merge_blame_file/debug/manifest-merger-blame-debug-report.txt
1<?xml version="1.0" encoding="utf-8"?>
2<manifest xmlns:android="http://schemas.android.com/apk/res/android"
3    package="com.tencent.yolov8ncnn"
4    android:versionCode="1"
5    android:versionName="1.1" >
6
7    <uses-sdk android:minSdkVersion="26" />
7-->src\main\AndroidManifest.xml
8
9    <uses-permission android:name="android.permission.CAMERA" />
9-->src\main\AndroidManifest.xml:6:5-65
9-->src\main\AndroidManifest.xml:6:22-62
10
11    <uses-feature android:name="android.hardware.camera2.full" />
11-->src\main\AndroidManifest.xml:7:5-66
11-->src\main\AndroidManifest.xml:7:19-63
12
13    <application
13-->src\main\AndroidManifest.xml:9:5-18:19
14        android:appComponentFactory="android.support.v4.app.CoreComponentFactory"
14-->[com.android.support:support-compat:28.0.0] AndroidManifest.xml:22:18-91
15        android:debuggable="true"
16        android:label="@string/app_name" >
16-->src\main\AndroidManifest.xml:9:18-50
17        <activity
17-->src\main\AndroidManifest.xml:10:9-17:20
18            android:name="com.tencent.yolov8ncnn.MainActivity"
18-->src\main\AndroidManifest.xml:10:19-46
19            android:label="@string/app_name"
19-->src\main\AndroidManifest.xml:11:19-51
20            android:screenOrientation="portrait" >
20-->src\main\AndroidManifest.xml:12:19-55
21            <intent-filter>
21-->src\main\AndroidManifest.xml:13:13-16:29
22                <action android:name="android.intent.action.MAIN" />
22-->src\main\AndroidManifest.xml:14:17-69
22-->src\main\AndroidManifest.xml:14:25-66
23
24                <category android:name="android.intent.category.LAUNCHER" />
24-->src\main\AndroidManifest.xml:15:17-77
24-->src\main\AndroidManifest.xml:15:27-74
25            </intent-filter>
26        </activity>
27    </application>
28
29</manifest>